2024-12-02 13:43:26,454 - srv.conf.config - ERROR - Section PG not found in config.ini
2024-12-02 13:43:26,454 - srv.conf.config - ERROR - Failed to create DB URL: Section PG not found in config.ini
2024-12-02 13:47:21,965 - srv.conf.config - ERROR - Section PG not found in config.ini
2024-12-02 13:47:21,966 - srv.conf.config - ERROR - Failed to create DB URL: Section PG not found in config.ini
2024-12-02 13:47:32,020 - srv.conf.config - ERROR - Section PG not found in config.ini
2024-12-02 13:47:32,020 - srv.conf.config - ERROR - Failed to create DB URL: Section PG not found in config.ini
2024-12-06 18:53:12,846 - srv.conf.config - ERROR - Failed to load ALGORITHM: 'algorithm'
2024-12-06 19:20:18,277 - srv.database.db - ERROR - Session rollback due to exception: 401: invalid email
2024-12-06 19:43:20,618 - srv.database.db - ERROR - Session rollback due to exception: 401: invalid email
2024-12-06 19:43:32,862 - srv.database.db - ERROR - Session rollback due to exception: 401: invalid email
2024-12-06 19:45:19,870 - srv.database.db - ERROR - Session rollback due to exception: 401: Invalid refresh token
2024-12-06 19:46:12,891 - srv.database.db - ERROR - Session rollback due to exception: 401: Invalid refresh token
2024-12-06 20:12:58,051 - srv.database.db - ERROR - Session rollback due to exception: 401: Not authenticated
2024-12-06 20:41:31,775 - srv.database.db - ERROR - Session rollback due to exception: 401: Could not validate credentials
2024-12-06 20:44:33,900 - srv.database.db - ERROR - Session rollback due to exception: 'user_id' is an invalid keyword argument for Contact
2024-12-10 11:54:40,430 - srv.conf.config - ERROR - Failed to load mail serves configuration: 'host'
2024-12-10 12:10:48,689 - srv.database.db - ERROR - Session rollback due to exception: 409: Account already exists
2024-12-10 12:15:36,337 - srv.services.email - ERROR - Exception raised Error connecting to smtp.meta.com on port 465: [Errno 8] nodename nor servname provided, or not known, check your credentials or email service configuration
2024-12-10 12:16:47,187 - srv.services.email - ERROR - Exception raised Error connecting to smtp.meta.com on port 465: [Errno 8] nodename nor servname provided, or not known, check your credentials or email service configuration
2024-12-10 12:23:28,329 - srv.services.email - ERROR - Exception raised Error connecting to smtp.meta.com on port 465: [Errno 8] nodename nor servname provided, or not known, check your credentials or email service configuration
2024-12-10 12:30:05,369 - srv.database.db - ERROR - Session rollback due to exception: 409: Account already exists
2024-12-10 12:30:26,752 - srv.services.email - ERROR - Exception raised Error connecting to smtp.meta.com on port 465: [Errno 8] nodename nor servname provided, or not known, check your credentials or email service configuration
2024-12-10 12:34:06,386 - srv.database.db - ERROR - Session rollback due to exception: 'Depends' object has no attribute 'execute'
2024-12-10 12:36:42,785 - srv.database.db - ERROR - Session rollback due to exception: 'Depends' object has no attribute 'execute'
2024-12-10 14:26:35,884 - srv.database.db - ERROR - Session rollback due to exception: 409: Account already exists
2024-12-10 18:30:50,360 - srv.conf.conn_rabbitMQ - INFO - Successfully connected to RabbitMQ
2024-12-10 18:31:17,391 - srv.conf.conn_rabbitMQ - INFO - Successfully connected to RabbitMQ
2024-12-10 18:32:54,842 - srv.conf.conn_rabbitMQ - INFO - Successfully connected to RabbitMQ
2024-12-10 18:54:58,349 - global_logger - INFO - Successfully connected to RabbitMQ
2024-12-10 21:32:54,759 - global_logger - INFO - Successfully connected to RabbitMQ
2024-12-10 21:32:54,770 - global_logger - INFO - Worker is consuming messages...
2024-12-10 21:43:34,796 - global_logger - INFO - Successfully connected to RabbitMQ
2024-12-10 21:43:36,662 - global_logger - INFO - Message precessed successfully : gesipew657@eoilup.com
2024-12-10 22:05:21,236 - global_logger - INFO - Successfully connected to RabbitMQ
2024-12-10 22:05:21,243 - global_logger - INFO - Worker is consuming messages...
